Determining if the pthread_create exist failed with the following output:
Change Dir: /mnt/c/users/scott/onedrive/desktop/css_342_homework/homework6/sudoku/CMakeFiles/CMakeTmp

Run Build Command:"/usr/bin/make" "cmTC_ac416/fast"
/usr/bin/make -f CMakeFiles/cmTC_ac416.dir/build.make CMakeFiles/cmTC_ac416.dir/build
make[1]: Entering directory '/mnt/c/users/scott/onedrive/desktop/css_342_homework/homework6/sudoku/CMakeFiles/CMakeTmp'
Building C object CMakeFiles/cmTC_ac416.dir/CheckSymbolExists.c.o
/usr/bin/cc    -o CMakeFiles/cmTC_ac416.dir/CheckSymbolExists.c.o   -c /mnt/c/users/scott/onedrive/desktop/css_342_homework/homework6/sudoku/CMakeFiles/CMakeTmp/CheckSymbolExists.c
Linking C executable cmTC_ac416
/usr/bin/cmake -E cmake_link_script CMakeFiles/cmTC_ac416.dir/link.txt --verbose=1
/usr/bin/cc      -rdynamic CMakeFiles/cmTC_ac416.dir/CheckSymbolExists.c.o  -o cmTC_ac416 
CMakeFiles/cmTC_ac416.dir/CheckSymbolExists.c.o: In function `main':
CheckSymbolExists.c:(.text+0x1b): undefined reference to `pthread_create'
collect2: error: ld returned 1 exit status
CMakeFiles/cmTC_ac416.dir/build.make:97: recipe for target 'cmTC_ac416' failed
make[1]: *** [cmTC_ac416] Error 1
make[1]: Leaving directory '/mnt/c/users/scott/onedrive/desktop/css_342_homework/homework6/sudoku/CMakeFiles/CMakeTmp'
Makefile:126: recipe for target 'cmTC_ac416/fast' failed
make: *** [cmTC_ac416/fast] Error 2

File /mnt/c/users/scott/onedrive/desktop/css_342_homework/homework6/sudoku/CMakeFiles/CMakeTmp/CheckSymbolExists.c:
/* */
#include <pthread.h>

int main(int argc, char** argv)
{
  (void)argv;
#ifndef pthread_create
  return ((int*)(&pthread_create))[argc];
#else
  (void)argc;
  return 0;
#endif
}

Determining if the function pthread_create exists in the pthreads failed with the following output:
Change Dir: /mnt/c/users/scott/onedrive/desktop/css_342_homework/homework6/sudoku/CMakeFiles/CMakeTmp

Run Build Command:"/usr/bin/make" "cmTC_12a4c/fast"
/usr/bin/make -f CMakeFiles/cmTC_12a4c.dir/build.make CMakeFiles/cmTC_12a4c.dir/build
make[1]: Entering directory '/mnt/c/users/scott/onedrive/desktop/css_342_homework/homework6/sudoku/CMakeFiles/CMakeTmp'
Building C object CMakeFiles/cmTC_12a4c.dir/CheckFunctionExists.c.o
/usr/bin/cc   -DCHECK_FUNCTION_EXISTS=pthread_create   -o CMakeFiles/cmTC_12a4c.dir/CheckFunctionExists.c.o   -c /usr/share/cmake-3.10/Modules/CheckFunctionExists.c
Linking C executable cmTC_12a4c
/usr/bin/cmake -E cmake_link_script CMakeFiles/cmTC_12a4c.dir/link.txt --verbose=1
/usr/bin/cc  -DCHECK_FUNCTION_EXISTS=pthread_create    -rdynamic CMakeFiles/cmTC_12a4c.dir/CheckFunctionExists.c.o  -o cmTC_12a4c -lpthreads 
/usr/bin/ld: cannot find -lpthreads
collect2: error: ld returned 1 exit status
CMakeFiles/cmTC_12a4c.dir/build.make:97: recipe for target 'cmTC_12a4c' failed
make[1]: *** [cmTC_12a4c] Error 1
make[1]: Leaving directory '/mnt/c/users/scott/onedrive/desktop/css_342_homework/homework6/sudoku/CMakeFiles/CMakeTmp'
Makefile:126: recipe for target 'cmTC_12a4c/fast' failed
make: *** [cmTC_12a4c/fast] Error 2


